生成启动时间为 2018/8/1 17:28:12。
     1>项目“F:\chengxulianxi\work\Contact\Contact\Contact.vcxproj”在节点 2 上(build 个目标)。
     1>InitializeBuildStatus:
         正在创建“Debug\Contact.unsuccessfulbuild”，因为已指定“AlwaysCreate”。
       ClCompile:
         F:\vs2010\VC\bin\CL.exe /c /ZI /nologo /W3 /WX- /Od /Oy- /D WIN32 /D _DEBUG /D _CONSOLE /D _UNICODE /D UNICODE /Gm /EHsc /RTC1 /MDd /GS /fp:precise /Zc:wchar_t /Zc:forScope /Fo"Debug\\" /Fd"Debug\vc100.pdb" /Gd /TC /analyze- /errorReport:prompt contact.c
         contact.c
       ManifestResourceCompile:
         所有输出均为最新。
       Link:
         F:\vs2010\VC\bin\link.exe /ERRORREPORT:PROMPT /OUT:"F:\chengxulianxi\work\Contact\Debug\Contact.exe" /INCREMENTAL /NOLOGO kernel32.lib user32.lib gdi32.lib winspool.lib comdlg32.lib advapi32.lib shell32.lib ole32.lib oleaut32.lib uuid.lib odbc32.lib odbccp32.lib /MANIFEST /ManifestFile:"Debug\Contact.exe.intermediate.manifest" /MANIFESTUAC:"level='asInvoker' uiAccess='false'" /DEBUG /PDB:"F:\chengxulianxi\work\Contact\Debug\Contact.pdb" /SUBSYSTEM:CONSOLE /TLBID:1 /DYNAMICBASE /NXCOMPAT /IMPLIB:"F:\chengxulianxi\work\Contact\Debug\Contact.lib" /MACHINE:X86 Debug\Contact.exe.embed.manifest.res
         Debug\contact.obj
         Debug\test.obj
       Manifest:
         C:\Program Files (x86)\Microsoft SDKs\Windows\v7.0A\bin\mt.exe /nologo /verbose /out:"Debug\Contact.exe.embed.manifest" /manifest Debug\Contact.exe.intermediate.manifest
         所有输出均为最新。
       LinkEmbedManifest:
         所有输出均为最新。
         Contact.vcxproj -> F:\chengxulianxi\work\Contact\Debug\Contact.exe
       FinalizeBuildStatus:
         正在删除文件“Debug\Contact.unsuccessfulbuild”。
         正在对“Debug\Contact.lastbuildstate”执行 Touch 任务。
     1>已完成生成项目“F:\chengxulianxi\work\Contact\Contact\Contact.vcxproj”(build 个目标)的操作。

生成成功。

已用时间 00:00:00.90
